Build started 05/10/2018 16:12:29.
     1>Project "E:\Taufi_5170411279\std pert3 hal19\std pert3 hal19\std pert3 hal19.vcxproj" on node 2 (build target(s)).
     1>InitializeBuildStatus:
         Creating "Debug\std pert3 hal19.unsuccessfulbuild" because "AlwaysCreate" was specified.
       ClCompile:
         C:\Program Files\Microsoft Visual Studio 10.0\VC\bin\CL.exe /c /ZI /nologo /W3 /WX- /Od /Oy- /D WIN32 /D _DEBUG /D _CONSOLE /D _UNICODE /D UNICODE /Gm /EHsc /RTC1 /MDd /GS /fp:precise /Zc:wchar_t /Zc:forScope /Fo"Debug\\" /Fd"Debug\vc100.pdb" /Gd /TP /analyze- /errorReport:prompt main.cpp
         main.cpp
     1>e:\taufi_5170411279\std pert3 hal19\std pert3 hal19\main.cpp(18): warning C4996: 'strcpy': This function or variable may be unsafe. Consider using strcpy_s instead. To disable deprecation, use _CRT_SECURE_NO_WARNINGS. See online help for details.
                 c:\program files\microsoft visual studio 10.0\vc\include\string.h(105) : see declaration of 'strcpy'
     1>e:\taufi_5170411279\std pert3 hal19\std pert3 hal19\main.cpp(31): warning C4996: 'getch': The POSIX name for this item is deprecated. Instead, use the ISO C++ conformant name: _getch. See online help for details.
                 c:\program files\microsoft visual studio 10.0\vc\include\conio.h(128) : see declaration of 'getch'
       ManifestResourceCompile:
         All outputs are up-to-date.
       Link:
         C:\Program Files\Microsoft Visual Studio 10.0\VC\bin\link.exe /ERRORREPORT:PROMPT /OUT:"E:\Taufi_5170411279\std pert3 hal19\Debug\std pert3 hal19.exe" /INCREMENTAL /NOLOGO kernel32.lib user32.lib gdi32.lib winspool.lib comdlg32.lib advapi32.lib shell32.lib ole32.lib oleaut32.lib uuid.lib odbc32.lib odbccp32.lib /MANIFEST /ManifestFile:"Debug\std pert3 hal19.exe.intermediate.manifest" /MANIFESTUAC:"level='asInvoker' uiAccess='false'" /DEBUG /PDB:"E:\Taufi_5170411279\std pert3 hal19\Debug\std pert3 hal19.pdb" /SUBSYSTEM:CONSOLE /TLBID:1 /DYNAMICBASE /NXCOMPAT /IMPLIB:"E:\Taufi_5170411279\std pert3 hal19\Debug\std pert3 hal19.lib" /MACHINE:X86 "Debug\std pert3 hal19.exe.embed.manifest.res"
         Debug\main.obj
       Manifest:
         C:\Program Files\Microsoft SDKs\Windows\v7.0A\bin\mt.exe /nologo /verbose /out:"Debug\std pert3 hal19.exe.embed.manifest" /manifest "Debug\std pert3 hal19.exe.intermediate.manifest"
         All outputs are up-to-date.
       LinkEmbedManifest:
         All outputs are up-to-date.
         std pert3 hal19.vcxproj -> E:\Taufi_5170411279\std pert3 hal19\Debug\std pert3 hal19.exe
       FinalizeBuildStatus:
         Deleting file "Debug\std pert3 hal19.unsuccessfulbuild".
         Touching "Debug\std pert3 hal19.lastbuildstate".
     1>Done Building Project "E:\Taufi_5170411279\std pert3 hal19\std pert3 hal19\std pert3 hal19.vcxproj" (build target(s)).

Build succeeded.

Time Elapsed 00:00:00.65
